[
  {
    "level": "INFO",
    "message": "android.ndkVersion from module build.gradle is not set"
  },
  {
    "level": "INFO",
    "message": "ndk.dir in local.properties is not set"
  },
  {
    "level": "INFO",
    "message": "ANDROID_NDK_HOME environment variable is not set"
  },
  {
    "level": "INFO",
    "message": "sdkFolder is E:\\Android SDK"
  },
  {
    "level": "INFO",
    "message": "Because no explicit NDK was requested, the default version \u002721.0.6113669\u0027 for this Android Gradle Plugin will be used"
  },
  {
    "level": "INFO",
    "message": "Considering E:\\Android SDK\\ndk-bundle in SDK ndk-bundle folder"
  },
  {
    "level": "INFO",
    "message": "Considering E:\\Android SDK\\ndk\\21.0.6113669 in SDK ndk folder"
  },
  {
    "level": "INFO",
    "message": "Considering E:\\Android SDK\\ndk\\21.4.7075529 in SDK ndk folder"
  },
  {
    "level": "INFO",
    "message": "Considering E:\\Android SDK\\ndk\\22.1.7171670 in SDK ndk folder"
  },
  {
    "level": "INFO",
    "message": "Rejected E:\\Android SDK\\ndk-bundle in SDK ndk-bundle folder because that location has no source.properties"
  },
  {
    "level": "INFO",
    "message": "Found requested NDK version 21.0.6113669 at E:\\Android SDK\\ndk\\21.0.6113669"
  }
]